time="2025-10-08T21:58:10+08:00" level=fatal msg="init db failed:Error 1698 (28000): Access denied for user 'root'@'localhost'"
time="2025-10-09T14:43:16+08:00" level=fatal msg="init db failed:Error 1698 (28000): Access denied for user 'root'@'localhost'"
time="2025-10-12T18:40:59+08:00" level=info msg="GoEngine doAddScript:ema_some.so./ema_some.so{\"bin\":15,\"ema1\":20,\"ema2\":21,\"ema3\":76, \"amount\": 10000}"
time="2025-10-12T18:40:59+08:00" level=fatal msg="run backtest errorAddScript ema_some.so ./ema_some.so error: plugin.Open(\"./ema_some.so\"): realpath failed"
time="2025-10-14T23:26:05+08:00" level=info msg="GoEngine doAddScript:ema_some.so./ema_some.so{\"bin\":15,\"ema1\":20,\"ema2\":21,\"ema3\":76, \"amount\": 10000}"
time="2025-10-14T23:26:05+08:00" level=info msg="backtest candle param:{2025-08-01 00:00:00 +0000 UTC 2025-10-01 00:00:00 +0000 UTC  1m SEIUSDT}"
time="2025-10-14T23:26:05+08:00" level=info msg="kline table emitCandles finished"
time="2025-10-14T23:30:01+08:00" level=info msg="GoEngine doAddScript:ema_some.so./ema_some.so{\"bin\":15,\"ema1\":20,\"ema2\":21,\"ema3\":76, \"amount\": 10000}"
time="2025-10-14T23:30:01+08:00" level=info msg="backtest candle param:{2025-08-01 00:00:00 +0000 UTC 2025-10-01 00:00:00 +0000 UTC  1m SEIUSDT}"
time="2025-10-14T23:30:01+08:00" level=info msg="kline table emitCandles finished"
time="2025-10-14T23:31:52+08:00" level=info msg="GoEngine doAddScript:ema_some.so./ema_some.so{\"bin\":15,\"ema1\":20,\"ema2\":21,\"ema3\":76, \"amount\": 10000}"
time="2025-10-14T23:31:52+08:00" level=info msg="backtest candle param:{2025-08-01 00:00:00 +0000 UTC 2025-10-01 00:00:00 +0000 UTC  1m SEIUSDT}"
time="2025-10-14T23:31:52+08:00" level=info msg="kline table emitCandles finished"
time="2025-10-14T23:33:09+08:00" level=info msg="GoEngine doAddScript:ema_some.so./ema_some.so{\"bin\":15,\"ema1\":20,\"ema2\":21,\"ema3\":76, \"amount\": 10000}"
time="2025-10-14T23:33:09+08:00" level=info msg="backtest candle param:{2025-08-01 00:00:00 +0000 UTC 2025-10-01 00:00:00 +0000 UTC  1m SEIUSDT}"
time="2025-10-14T23:33:10+08:00" level=info msg="kline table emitCandles finished"
time="2025-10-14T23:35:34+08:00" level=info msg="GoEngine doAddScript:ema_some.so./ema_some.so{\"bin\":15,\"ema1\":20,\"ema2\":21,\"ema3\":76, \"amount\": 10000}"
time="2025-10-14T23:35:34+08:00" level=info msg="backtest candle param:{2025-08-01 00:00:00 +0000 UTC 2025-10-01 00:00:00 +0000 UTC  1m SEIUSDT}"
time="2025-10-14T23:35:34+08:00" level=info msg="kline table emitCandles finished"
time="2025-10-14T23:39:10+08:00" level=info msg="GoEngine doAddScript:ema_some.so./ema_some.so{\"bin\":15,\"ema1\":20,\"ema2\":21,\"ema3\":76, \"amount\": 10000}"
time="2025-10-14T23:39:10+08:00" level=info msg="backtest candle param:{2025-08-01 00:00:00 +0000 UTC 2025-10-01 00:00:00 +0000 UTC  1m SEIUSDT}"
time="2025-10-14T23:39:10+08:00" level=info msg="kline table emitCandles finished"
time="2025-10-14T23:40:54+08:00" level=info msg="GoEngine doAddScript:ema_some.so./ema_some.so{\"bin\":15,\"ema1\":20,\"ema2\":21,\"ema3\":76, \"amount\": 10000}"
time="2025-10-14T23:40:54+08:00" level=info msg="backtest candle param:{2025-08-01 00:00:00 +0000 UTC 2025-10-01 00:00:00 +0000 UTC  1m SEIUSDT}"
time="2025-10-14T23:40:55+08:00" level=info msg="kline table emitCandles finished"
time="2025-10-14T23:43:35+08:00" level=info msg="GoEngine doAddScript:ema_some.so./ema_some.so{\"bin\":15,\"ema1\":20,\"ema2\":21,\"ema3\":76, \"amount\": 10000}"
time="2025-10-14T23:43:35+08:00" level=info msg="backtest candle param:{2025-08-01 00:00:00 +0000 UTC 2025-10-01 00:00:00 +0000 UTC  1m SEIUSDT}"
time="2025-10-14T23:43:36+08:00" level=info msg="kline table emitCandles finished"
time="2025-10-14T23:50:57+08:00" level=info msg="GoEngine doAddScript:ema_some.so./ema_some.so{\"bin\":15,\"ema1\":20,\"ema2\":21,\"ema3\":76, \"amount\": 10000}"
time="2025-10-14T23:50:57+08:00" level=info msg="backtest candle param:{2025-08-01 00:00:00 +0000 UTC 2025-10-01 00:00:00 +0000 UTC  1m SEIUSDT}"
time="2025-10-14T23:50:57+08:00" level=info msg="kline table emitCandles finished"
time="2025-10-14T23:53:18+08:00" level=info msg="GoEngine doAddScript:ema_some.so./ema_some.so{\"bin\":15,\"ema1\":20,\"ema2\":21,\"ema3\":76, \"amount\": 10000}"
time="2025-10-14T23:53:18+08:00" level=info msg="backtest candle param:{2025-08-01 00:00:00 +0000 UTC 2025-10-01 00:00:00 +0000 UTC  1m SEIUSDT}"
time="2025-10-14T23:53:18+08:00" level=info msg="kline table emitCandles finished"
time="2025-10-14T23:57:01+08:00" level=info msg="GoEngine doAddScript:ema_some.so./ema_some.so{\"bin\":15,\"ema1\":20,\"ema2\":21,\"ema3\":76, \"amount\": 10000}"
time="2025-10-14T23:57:01+08:00" level=info msg="backtest candle param:{2025-08-01 00:00:00 +0000 UTC 2025-10-01 00:00:00 +0000 UTC  1m SEIUSDT}"
time="2025-10-14T23:57:01+08:00" level=info msg="kline table emitCandles finished"
time="2025-10-14T23:58:29+08:00" level=info msg="GoEngine doAddScript:ema_some.so./ema_some.so{\"bin\":15,\"ema1\":20,\"ema2\":21,\"ema3\":76, \"amount\": 10000}"
time="2025-10-14T23:58:29+08:00" level=info msg="backtest candle param:{2025-08-01 00:00:00 +0000 UTC 2025-10-01 00:00:00 +0000 UTC  1m SEIUSDT}"
time="2025-10-14T23:58:29+08:00" level=info msg="kline table emitCandles finished"
time="2025-10-14T23:59:21+08:00" level=info msg="GoEngine doAddScript:ema_some.so./ema_some.so{\"bin\":15,\"ema1\":20,\"ema2\":21,\"ema3\":76, \"amount\": 10000}"
time="2025-10-14T23:59:21+08:00" level=info msg="backtest candle param:{2025-08-01 00:00:00 +0000 UTC 2025-10-01 00:00:00 +0000 UTC  1m SEIUSDT}"
time="2025-10-14T23:59:21+08:00" level=info msg="kline table emitCandles finished"
time="2025-10-15T00:00:31+08:00" level=info msg="GoEngine doAddScript:ema_some.so./ema_some.so{\"bin\":15,\"ema1\":20,\"ema2\":21,\"ema3\":76, \"amount\": 10000}"
time="2025-10-15T00:00:31+08:00" level=info msg="backtest candle param:{2025-08-01 00:00:00 +0000 UTC 2025-10-01 00:00:00 +0000 UTC  1m SEIUSDT}"
time="2025-10-15T00:00:31+08:00" level=info msg="kline table emitCandles finished"
time="2025-10-15T00:02:00+08:00" level=info msg="GoEngine doAddScript:ema_some.so./ema_some.so{\"bin\":15,\"ema1\":20,\"ema2\":21,\"ema3\":76, \"amount\": 10000}"
time="2025-10-15T00:02:00+08:00" level=info msg="backtest candle param:{2025-08-01 00:00:00 +0000 UTC 2025-10-01 00:00:00 +0000 UTC  1m SEIUSDT}"
time="2025-10-15T00:02:00+08:00" level=info msg="kline table emitCandles finished"
